<?xml version="1.0" encoding="UTF-8"?>
<!-- Generated by org.testng.reporters.JUnitReportReporter -->
<testsuite hostname="DESKTOP-QGLN914" name="Test.SignUpGmail_test" tests="1" failures="0" timestamp="22 May 2017 20:55:11 GMT" time="0.520" errors="0">
  <testcase name="T00_Validar_Mensajes_de_Error" time="0.520" classname="Test.SignUpGmail_test"/>
</testsuite> <!-- Test.SignUpGmail_test -->
