<?xml version="1.0" encoding="UTF-8"?>
<!-- Generated by org.testng.reporters.JUnitReportReporter -->
<testsuite hostname="DESKTOP-QGLN914" name="Test.SignUpGmail_test" tests="6" failures="0" timestamp="23 May 2017 15:59:07 GMT" time="2.522" errors="0">
  <testcase name="T00_Validar_Mensajes_de_Error_Nombre" time="0.346" classname="Test.SignUpGmail_test"/>
  <testcase name="T03_Validar_Mensajes_de_Error_Email" time="0.285" classname="Test.SignUpGmail_test"/>
  <testcase name="T01_Validar_Mensajes_de_Error_Apellido" time="0.326" classname="Test.SignUpGmail_test"/>
  <testcase name="T02_Validar_Mensajes_de_Error_Email" time="0.572" classname="Test.SignUpGmail_test"/>
  <testcase name="T05_Validar_Mensajes_de_Error_ShortPass" time="0.632" classname="Test.SignUpGmail_test"/>
  <testcase name="T04_Validar_Mensajes_de_Error_Pass" time="0.361" classname="Test.SignUpGmail_test"/>
</testsuite> <!-- Test.SignUpGmail_test -->
